<?xml version="1.0" encoding="UTF-8"?>
<!-- Generated by org.testng.reporters.JUnitXMLReporter -->
<testsuite ignored="1" hostname="DESKTOP-H7Q0JRS" failures="0" tests="1" name="Add Random Products To Cart" time="9.398" errors="0" timestamp="2023-12-20T11:42:01 EET">
  <testcase classname="testcases.TC02_Products" name="AddRandomProductsToCart_P" time="8.033"/>
  <testcase classname="testcases.TC02_Products" name="AddProductsToCart_P" time="0.0">
    <ignored/>
  </testcase> <!-- AddProductsToCart_P -->
</testsuite> <!-- Add Random Products To Cart -->
