<?xml version="1.0" encoding="UTF-8"?>
<!-- Generated by org.testng.reporters.JUnitXMLReporter -->
<testsuite ignored="1" hostname="DESKTOP-H7Q0JRS" failures="0" tests="1" name="Add Products To Cart" time="25.271" errors="0" timestamp="2023-12-20T11:41:52 EET">
  <testcase classname="testcases.TC02_Products" name="AddProductsToCart_P" time="20.153"/>
  <testcase classname="testcases.TC02_Products" name="AddRandomProductsToCart_P" time="0.0">
    <ignored/>
  </testcase> <!-- AddRandomProductsToCart_P -->
</testsuite> <!-- Add Products To Cart -->
