<?xml version="1.0" encoding="UTF-8"?>
<!-- Generated by org.testng.reporters.JUnitXMLReporter -->
<testsuite ignored="1" hostname="DESKTOP-H7Q0JRS" failures="0" tests="1" name="Add To Product" time="18.698" errors="0" timestamp="2023-12-20T11:29:54 EET">
  <testcase classname="testcases.TC02_Products" name="AddRandomProductsToCart_P" time="9.502"/>
  <testcase classname="testcases.TC02_Products" name="AddProductsToCart_P" time="0.0">
    <ignored/>
  </testcase> <!-- AddProductsToCart_P -->
</testsuite> <!-- Add To Product -->
